2026-04-27 20:02:14,790 INFO o.a.j.u.JMeterUtils: Setting Locale to en_EN
2026-04-27 20:02:14,797 INFO o.a.j.JMeter: Loading user properties from: /opt/homebrew/Cellar/jmeter/5.6.3/libexec/bin/user.properties
2026-04-27 20:02:14,798 INFO o.a.j.JMeter: Loading system properties from: /opt/homebrew/Cellar/jmeter/5.6.3/libexec/bin/system.properties
2026-04-27 20:02:14,800 INFO o.a.j.JMeter: Copyright (c) 1998-2024 The Apache Software Foundation
2026-04-27 20:02:14,802 INFO o.a.j.JMeter: Version 5.6.3
2026-04-27 20:02:14,802 INFO o.a.j.JMeter: java.version=21.0.10
2026-04-27 20:02:14,802 INFO o.a.j.JMeter: java.vm.name=OpenJDK 64-Bit Server VM
2026-04-27 20:02:14,802 INFO o.a.j.JMeter: os.name=Mac OS X
2026-04-27 20:02:14,802 INFO o.a.j.JMeter: os.arch=aarch64
2026-04-27 20:02:14,802 INFO o.a.j.JMeter: os.version=26.3.1
2026-04-27 20:02:14,802 INFO o.a.j.JMeter: file.encoding=UTF-8
2026-04-27 20:02:14,802 INFO o.a.j.JMeter: java.awt.headless=true
2026-04-27 20:02:14,802 INFO o.a.j.JMeter: Max memory     =1073741824
2026-04-27 20:02:14,802 INFO o.a.j.JMeter: Available Processors =10
2026-04-27 20:02:14,805 INFO o.a.j.JMeter: Default Locale=English (EN)
2026-04-27 20:02:14,806 INFO o.a.j.JMeter: JMeter  Locale=English (EN)
2026-04-27 20:02:14,806 INFO o.a.j.JMeter: JMeterHome=/opt/homebrew/Cellar/jmeter/5.6.3/libexec
2026-04-27 20:02:14,806 INFO o.a.j.JMeter: user.dir  =/Users/kamali/Documents/CSUI/Semester 4/AdPro/Module/module7/exercise-profiling
2026-04-27 20:02:14,806 INFO o.a.j.JMeter: PWD       =/Users/kamali/Documents/CSUI/Semester 4/AdPro/Module/module7/exercise-profiling
2026-04-27 20:02:14,810 INFO o.a.j.JMeter: IP: 127.0.0.1 Name: Kamalis-MacBook-Pro-226.local FullName: localhost
2026-04-27 20:02:14,816 INFO o.a.j.s.FileServer: Default base='/Users/kamali/Documents/CSUI/Semester 4/AdPro/Module/module7/exercise-profiling'
2026-04-27 20:02:14,816 INFO o.a.j.s.FileServer: Set new base='/Users/kamali/Documents/CSUI/Semester 4/AdPro/Module/module7/exercise-profiling'
2026-04-27 20:02:14,865 INFO o.a.j.s.SaveService: Testplan (JMX) version: 2.2. Testlog (JTL) version: 2.2
2026-04-27 20:02:14,874 INFO o.a.j.s.SaveService: Using SaveService properties version 5.0
2026-04-27 20:02:14,875 INFO o.a.j.s.SaveService: Using SaveService properties file encoding UTF-8
2026-04-27 20:02:14,875 INFO o.a.j.s.SaveService: Loading file: test_plan_3.jmx
2026-04-27 20:02:14,892 INFO o.a.j.p.h.s.HTTPSamplerBase: Parser for text/html is org.apache.jmeter.protocol.http.parser.LagartoBasedHtmlParser
2026-04-27 20:02:14,892 INFO o.a.j.p.h.s.HTTPSamplerBase: Parser for application/xhtml+xml is org.apache.jmeter.protocol.http.parser.LagartoBasedHtmlParser
2026-04-27 20:02:14,892 INFO o.a.j.p.h.s.HTTPSamplerBase: Parser for application/xml is org.apache.jmeter.protocol.http.parser.LagartoBasedHtmlParser
2026-04-27 20:02:14,892 INFO o.a.j.p.h.s.HTTPSamplerBase: Parser for text/xml is org.apache.jmeter.protocol.http.parser.LagartoBasedHtmlParser
2026-04-27 20:02:14,892 INFO o.a.j.p.h.s.HTTPSamplerBase: Parser for text/vnd.wap.wml is org.apache.jmeter.protocol.http.parser.RegexpHTMLParser
2026-04-27 20:02:14,892 INFO o.a.j.p.h.s.HTTPSamplerBase: Parser for text/css is org.apache.jmeter.protocol.http.parser.CssParser
2026-04-27 20:02:14,900 INFO o.a.j.JMeter: Creating summariser <summary>
2026-04-27 20:02:14,903 INFO o.a.j.e.StandardJMeterEngine: Running the test!
2026-04-27 20:02:14,903 INFO o.a.j.s.SampleEvent: List of sample_variables: []
2026-04-27 20:02:14,903 INFO o.a.j.s.SampleEvent: List of sample_variables: []
2026-04-27 20:02:14,904 INFO o.a.j.e.u.CompoundVariable: Note: Function class names must contain the string: '.functions.'
2026-04-27 20:02:14,904 INFO o.a.j.e.u.CompoundVariable: Note: Function class names must not contain the string: '.gui.'
2026-04-27 20:02:14,919 INFO o.a.j.r.ClassFinder: Will scan jar /opt/homebrew/Cellar/jmeter/5.6.3/libexec/lib/ext/jmeter-plugins-manager-1.9.jar with filter ExtendsClassFilter [parents=[interface org.apache.jmeter.functions.Function], inner=false, contains=null, notContains=null]. Consider exposing JMeter plugins via META-INF/services, and add JMeter-Skip-Class-Scanning=true manifest attribute so JMeter can skip classfile scanning
2026-04-27 20:02:14,947 INFO o.a.j.JMeter: Running test (1777294934947)
2026-04-27 20:02:14,953 INFO o.a.j.e.StandardJMeterEngine: Starting ThreadGroup: 1 : Thread Group 1
2026-04-27 20:02:14,953 INFO o.a.j.e.StandardJMeterEngine: Starting 10 threads for group Thread Group 1.
2026-04-27 20:02:14,953 INFO o.a.j.e.StandardJMeterEngine: Thread will continue on error
2026-04-27 20:02:14,953 INFO o.a.j.t.ThreadGroup: Starting thread group... number=1 threads=10 ramp-up=1 delayedStart=false
2026-04-27 20:02:14,955 INFO o.a.j.t.JMeterThread: Thread started: Thread Group 1 1-1
2026-04-27 20:02:14,955 INFO o.a.j.t.ThreadGroup: Started thread group number 1
2026-04-27 20:02:14,955 INFO o.a.j.e.StandardJMeterEngine: All thread groups have been started
2026-04-27 20:02:14,959 INFO o.a.j.p.h.s.HTTPHCAbstractImpl: Local host = Kamalis-MacBook-Pro-226.local
2026-04-27 20:02:14,960 INFO o.a.j.p.h.s.HTTPHC4Impl: HTTP request retry count = 0
2026-04-27 20:02:14,961 INFO o.a.j.s.SampleResult: Note: Sample TimeStamps are START times
2026-04-27 20:02:14,961 INFO o.a.j.s.SampleResult: sampleresult.default.encoding is set to UTF-8
2026-04-27 20:02:14,961 INFO o.a.j.s.SampleResult: sampleresult.useNanoTime=true
2026-04-27 20:02:14,961 INFO o.a.j.s.SampleResult: sampleresult.nanoThreadSleep=5000
2026-04-27 20:02:14,998 INFO o.a.j.t.JMeterThread: Thread is done: Thread Group 1 1-1
2026-04-27 20:02:14,998 INFO o.a.j.t.JMeterThread: Thread finished: Thread Group 1 1-1
2026-04-27 20:02:15,058 INFO o.a.j.t.JMeterThread: Thread started: Thread Group 1 1-2
2026-04-27 20:02:15,071 INFO o.a.j.t.JMeterThread: Thread is done: Thread Group 1 1-2
2026-04-27 20:02:15,071 INFO o.a.j.t.JMeterThread: Thread finished: Thread Group 1 1-2
2026-04-27 20:02:15,157 INFO o.a.j.t.JMeterThread: Thread started: Thread Group 1 1-3
2026-04-27 20:02:15,173 INFO o.a.j.t.JMeterThread: Thread is done: Thread Group 1 1-3
2026-04-27 20:02:15,173 INFO o.a.j.t.JMeterThread: Thread finished: Thread Group 1 1-3
2026-04-27 20:02:15,259 INFO o.a.j.t.JMeterThread: Thread started: Thread Group 1 1-4
2026-04-27 20:02:15,277 INFO o.a.j.t.JMeterThread: Thread is done: Thread Group 1 1-4
2026-04-27 20:02:15,277 INFO o.a.j.t.JMeterThread: Thread finished: Thread Group 1 1-4
2026-04-27 20:02:15,354 INFO o.a.j.t.JMeterThread: Thread started: Thread Group 1 1-5
2026-04-27 20:02:15,372 INFO o.a.j.t.JMeterThread: Thread is done: Thread Group 1 1-5
2026-04-27 20:02:15,372 INFO o.a.j.t.JMeterThread: Thread finished: Thread Group 1 1-5
2026-04-27 20:02:15,458 INFO o.a.j.t.JMeterThread: Thread started: Thread Group 1 1-6
2026-04-27 20:02:15,474 INFO o.a.j.t.JMeterThread: Thread is done: Thread Group 1 1-6
2026-04-27 20:02:15,474 INFO o.a.j.t.JMeterThread: Thread finished: Thread Group 1 1-6
2026-04-27 20:02:15,555 INFO o.a.j.t.JMeterThread: Thread started: Thread Group 1 1-7
2026-04-27 20:02:15,571 INFO o.a.j.t.JMeterThread: Thread is done: Thread Group 1 1-7
2026-04-27 20:02:15,572 INFO o.a.j.t.JMeterThread: Thread finished: Thread Group 1 1-7
2026-04-27 20:02:15,658 INFO o.a.j.t.JMeterThread: Thread started: Thread Group 1 1-8
2026-04-27 20:02:15,675 INFO o.a.j.t.JMeterThread: Thread is done: Thread Group 1 1-8
2026-04-27 20:02:15,675 INFO o.a.j.t.JMeterThread: Thread finished: Thread Group 1 1-8
2026-04-27 20:02:15,758 INFO o.a.j.t.JMeterThread: Thread started: Thread Group 1 1-9
2026-04-27 20:02:15,777 INFO o.a.j.t.JMeterThread: Thread is done: Thread Group 1 1-9
2026-04-27 20:02:15,778 INFO o.a.j.t.JMeterThread: Thread finished: Thread Group 1 1-9
2026-04-27 20:02:15,858 INFO o.a.j.t.JMeterThread: Thread started: Thread Group 1 1-10
2026-04-27 20:02:15,876 INFO o.a.j.t.JMeterThread: Thread is done: Thread Group 1 1-10
2026-04-27 20:02:15,876 INFO o.a.j.t.JMeterThread: Thread finished: Thread Group 1 1-10
2026-04-27 20:02:15,876 INFO o.a.j.e.StandardJMeterEngine: Notifying test listeners of end of test
2026-04-27 20:02:15,877 INFO o.a.j.r.Summariser: summary =     10 in 00:00:01 =   10.8/s Avg:    16 Min:    12 Max:    20 Err:     0 (0.00%)
